<?xml version="1.0" encoding="UTF-8"?>
<testng-results ignored="0" total="7" passed="6" failed="1" skipped="0">
  <reporter-output>
  </reporter-output>
  <suite started-at="2021-10-12T19:06:55 PDT" name="Default suite" finished-at="2021-10-12T19:07:02 PDT" duration-ms="7143">
    <groups>
    </groups>
    <test started-at="2021-10-12T19:06:55 PDT" name="Default test" finished-at="2021-10-12T19:07:02 PDT" duration-ms="7143">
      <class name="com.rest.testcases.TC004GetSingleEmployee">
        <test-method is-config="true" signature="setup()[pri:0, instance:com.rest.testcases.TC004GetSingleEmployee@37858383]" started-at="2021-10-12T19:06:55 PDT" name="setup" finished-at="2021-10-12T19:06:55 PDT" duration-ms="254" status="PASS">
          <reporter-output>
          </reporter-output>
        </test-method> <!-- setup -->
        <test-method is-config="true" signature="getSingleempoyee()[pri:0, instance:com.rest.testcases.TC004GetSingleEmployee@37858383]" started-at="2021-10-12T19:06:55 PDT" name="getSingleempoyee" finished-at="2021-10-12T19:07:01 PDT" duration-ms="6288" status="PASS">
          <reporter-output>
          </reporter-output>
        </test-method> <!-- getSingleempoyee -->
        <test-method signature="checkContentType()[pri:0, instance:com.rest.testcases.TC004GetSingleEmployee@37858383]" started-at="2021-10-12T19:07:01 PDT" name="checkContentType" finished-at="2021-10-12T19:07:01 PDT" duration-ms="12" status="PASS">
          <reporter-output>
          </reporter-output>
        </test-method> <!-- checkContentType -->
        <test-method signature="checkResponseTime()[pri:0, instance:com.rest.testcases.TC004GetSingleEmployee@37858383]" started-at="2021-10-12T19:07:01 PDT" name="checkResponseTime" finished-at="2021-10-12T19:07:01 PDT" duration-ms="3" status="PASS">
          <reporter-output>
          </reporter-output>
        </test-method> <!-- checkResponseTime -->
        <test-method signature="checkStatusCode()[pri:0, instance:com.rest.testcases.TC004GetSingleEmployee@37858383]" started-at="2021-10-12T19:07:01 PDT" name="checkStatusCode" finished-at="2021-10-12T19:07:01 PDT" duration-ms="5" status="PASS">
          <reporter-output>
          </reporter-output>
        </test-method> <!-- checkStatusCode -->
        <test-method signature="checkStatusLine()[pri:0, instance:com.rest.testcases.TC004GetSingleEmployee@37858383]" started-at="2021-10-12T19:07:01 PDT" name="checkStatusLine" finished-at="2021-10-12T19:07:01 PDT" duration-ms="4" status="PASS">
          <reporter-output>
          </reporter-output>
        </test-method> <!-- checkStatusLine -->
        <test-method signature="checkcontentEncoding()[pri:0, instance:com.rest.testcases.TC004GetSingleEmployee@37858383]" started-at="2021-10-12T19:07:01 PDT" name="checkcontentEncoding" finished-at="2021-10-12T19:07:01 PDT" duration-ms="6" status="PASS">
          <reporter-output>
          </reporter-output>
        </test-method> <!-- checkcontentEncoding -->
        <test-method signature="checkcookies()[pri:0, instance:com.rest.testcases.TC004GetSingleEmployee@37858383]" started-at="2021-10-12T19:07:01 PDT" name="checkcookies" finished-at="2021-10-12T19:07:01 PDT" duration-ms="2" status="PASS">
          <reporter-output>
          </reporter-output>
        </test-method> <!-- checkcookies -->
        <test-method signature="checkresponseBody()[pri:0, instance:com.rest.testcases.TC004GetSingleEmployee@37858383]" started-at="2021-10-12T19:07:01 PDT" name="checkresponseBody" finished-at="2021-10-12T19:07:02 PDT" duration-ms="483" status="FAIL">
          <exception class="java.lang.AssertionError">
            <message>
              <![CDATA[expected [true] but found [false]]]>
            </message>
            <full-stacktrace>
              <![CDATA[java.lang.AssertionError: expected [true] but found [false]
at org.testng.Assert.fail(Assert.java:99)
at org.testng.Assert.failNotEquals(Assert.java:1037)
at org.testng.Assert.assertEqualsImpl(Assert.java:140)
at org.testng.Assert.assertEquals(Assert.java:122)
at org.testng.Assert.assertEquals(Assert.java:819)
at org.testng.Assert.assertEquals(Assert.java:829)
at com.rest.testcases.TC004GetSingleEmployee.checkresponseBody(TC004GetSingleEmployee.java:36)
at java.base/jdk.internal.reflect.NativeMethodAccessorImpl.invoke0(Native Method)
at java.base/jdk.internal.reflect.NativeMethodAccessorImpl.invoke(NativeMethodAccessorImpl.java:62)
at java.base/jdk.internal.reflect.DelegatingMethodAccessorImpl.invoke(DelegatingMethodAccessorImpl.java:43)
at java.base/java.lang.reflect.Method.invoke(Method.java:566)
at org.testng.internal.MethodInvocationHelper.invokeMethod(MethodInvocationHelper.java:132)
at org.testng.internal.TestInvoker.invokeMethod(TestInvoker.java:599)
at org.testng.internal.TestInvoker.invokeTestMethod(TestInvoker.java:174)
at org.testng.internal.MethodRunner.runInSequence(MethodRunner.java:46)
at org.testng.internal.TestInvoker$MethodInvocationAgent.invoke(TestInvoker.java:822)
at org.testng.internal.TestInvoker.invokeTestMethods(TestInvoker.java:147)
at org.testng.internal.TestMethodWorker.invokeTestMethods(TestMethodWorker.java:146)
at org.testng.internal.TestMethodWorker.run(TestMethodWorker.java:128)
at java.base/java.util.ArrayList.forEach(ArrayList.java:1540)
at org.testng.TestRunner.privateRun(TestRunner.java:764)
at org.testng.TestRunner.run(TestRunner.java:585)
at org.testng.SuiteRunner.runTest(SuiteRunner.java:384)
at org.testng.SuiteRunner.runSequentially(SuiteRunner.java:378)
at org.testng.SuiteRunner.privateRun(SuiteRunner.java:337)
at org.testng.SuiteRunner.run(SuiteRunner.java:286)
at org.testng.SuiteRunnerWorker.runSuite(SuiteRunnerWorker.java:53)
at org.testng.SuiteRunnerWorker.run(SuiteRunnerWorker.java:96)
at org.testng.TestNG.runSuitesSequentially(TestNG.java:1218)
at org.testng.TestNG.runSuitesLocally(TestNG.java:1140)
at org.testng.TestNG.runSuites(TestNG.java:1069)
at org.testng.TestNG.run(TestNG.java:1037)
at org.testng.remote.AbstractRemoteTestNG.run(AbstractRemoteTestNG.java:115)
at org.testng.remote.RemoteTestNG.initAndRun(RemoteTestNG.java:251)
at org.testng.remote.RemoteTestNG.main(RemoteTestNG.java:77)
]]>
            </full-stacktrace>
          </exception> <!-- java.lang.AssertionError -->
          <reporter-output>
          </reporter-output>
        </test-method> <!-- checkresponseBody -->
        <test-method is-config="true" signature="teardown()[pri:0, instance:com.rest.testcases.TC004GetSingleEmployee@37858383]" started-at="2021-10-12T19:07:02 PDT" name="teardown" finished-at="2021-10-12T19:07:02 PDT" duration-ms="1" status="PASS">
          <reporter-output>
          </reporter-output>
        </test-method> <!-- teardown -->
      </class> <!-- com.rest.testcases.TC004GetSingleEmployee -->
    </test> <!-- Default test -->
  </suite> <!-- Default suite -->
</testng-results>
